# JRE version: OpenJDK Runtime Environment (8.0_212-b04) (build 1.8.0_212-release-1586-b04)
# Java VM: OpenJDK 64-Bit Server VM (25.212-b04 mixed mode windows-amd64 compressed oops)
Heap:
 PSYoungGen      total 222208K, used 53423K [0x00000000e0000000, 0x00000000efb80000, 0x0000000100000000)
  eden space 199168K, 15% used [0x00000000e0000000,0x00000000e1db2850,0x00000000ec280000)
  from space 23040K, 99% used [0x00000000ec900000,0x00000000edf794c8,0x00000000edf80000)
  to   space 28672K, 0% used [0x00000000edf80000,0x00000000edf80000,0x00000000efb80000)
 ParOldGen       total 135680K, used 47323K [0x00000000a0000000, 0x00000000a8480000, 0x00000000e0000000)
  object space 135680K, 34% used [0x00000000a0000000,0x00000000a2e36fa8,0x00000000a8480000)
 Metaspace       used 82180K, capacity 85992K, committed 86144K, reserved 1124352K
  class space    used 10765K, capacity 11574K, committed 11648K, reserved 1048576K
GC Heap History (10 events):
Event: 10.027 GC heap before
{Heap before GC invocations=14 (full 2):
 PSYoungGen      total 158208K, used 75255K [0x00000000e0000000, 0x00000000ecd80000, 0x0000000100000000)
  eden space 145920K, 43% used [0x00000000e0000000,0x00000000e3d7ebc0,0x00000000e8e80000)
  from space 12288K, 99% used [0x00000000e8e80000,0x00000000e9a7f320,0x00000000e9a80000)
  to   space 16896K, 0% used [0x00000000ebd00000,0x00000000ebd00000,0x00000000ecd80000)
 ParOldGen       total 85504K, used 24005K [0x00000000a0000000, 0x00000000a5380000, 0x00000000e0000000)
  object space 85504K, 28% used [0x00000000a0000000,0x00000000a1771750,0x00000000a5380000)
 Metaspace       used 57153K, capacity 59040K, committed 59136K, reserved 1099776K
  class space    used 7693K, capacity 8144K, committed 8192K, reserved 1048576K
Event: 10.041 GC heap after
Heap after GC invocations=14 (full 2):
 PSYoungGen      total 194048K, used 6583K [0x00000000e0000000, 0x00000000ed600000, 0x0000000100000000)
  eden space 177152K, 0% used [0x00000000e0000000,0x00000000e0000000,0x00000000ead00000)
  from space 16896K, 38% used [0x00000000ebd00000,0x00000000ec36dcf0,0x00000000ecd80000)
  to   space 16384K, 0% used [0x00000000ead00000,0x00000000ead00000,0x00000000ebd00000)
 ParOldGen       total 85504K, used 36221K [0x00000000a0000000, 0x00000000a5380000, 0x00000000e0000000)
  object space 85504K, 42% used [0x00000000a0000000,0x00000000a235f668,0x00000000a5380000)
 Metaspace       used 57153K, capacity 59040K, committed 59136K, reserved 1099776K
  class space    used 7693K, capacity 8144K, committed 8192K, reserved 1048576K
}
Event: 10.041 GC heap before
{Heap before GC invocations=15 (full 3):
 PSYoungGen      total 194048K, used 6583K [0x00000000e0000000, 0x00000000ed600000, 0x0000000100000000)
  eden space 177152K, 0% used [0x00000000e0000000,0x00000000e0000000,0x00000000ead00000)
  from space 16896K, 38% used [0x00000000ebd00000,0x00000000ec36dcf0,0x00000000ecd80000)
  to   space 16384K, 0% used [0x00000000ead00000,0x00000000ead00000,0x00000000ebd00000)
 ParOldGen       total 85504K, used 36221K [0x00000000a0000000, 0x00000000a5380000, 0x00000000e0000000)
  object space 85504K, 42% used [0x00000000a0000000,0x00000000a235f668,0x00000000a5380000)
 Metaspace       used 57153K, capacity 59040K, committed 59136K, reserved 1099776K
  class space    used 7693K, capacity 8144K, committed 8192K, reserved 1048576K
Event: 10.249 GC heap after
Heap after GC invocations=15 (full 3):
 PSYoungGen      total 194048K, used 0K [0x00000000e0000000, 0x00000000ed600000, 0x0000000100000000)
  eden space 177152K, 0% used [0x00000000e0000000,0x00000000e0000000,0x00000000ead00000)
  from space 16896K, 0% used [0x00000000ebd00000,0x00000000ebd00000,0x00000000ecd80000)
  to   space 16384K, 0% used [0x00000000ead00000,0x00000000ead00000,0x00000000ebd00000)
 ParOldGen       total 135680K, used 32894K [0x00000000a0000000, 0x00000000a8480000, 0x00000000e0000000)
  object space 135680K, 24% used [0x00000000a0000000,0x00000000a201f850,0x00000000a8480000)
 Metaspace       used 57103K, capacity 58880K, committed 59136K, reserved 1099776K
  class space    used 7679K, capacity 8123K, committed 8192K, reserved 1048576K
}
Event: 12.551 GC heap before
{Heap before GC invocations=16 (full 3):
 PSYoungGen      total 194048K, used 177152K [0x00000000e0000000, 0x00000000ed600000, 0x0000000100000000)
  eden space 177152K, 100% used [0x00000000e0000000,0x00000000ead00000,0x00000000ead00000)
  from space 16896K, 0% used [0x00000000ebd00000,0x00000000ebd00000,0x00000000ecd80000)
  to   space 16384K, 0% used [0x00000000ead00000,0x00000000ead00000,0x00000000ebd00000)
 ParOldGen       total 135680K, used 32894K [0x00000000a0000000, 0x00000000a8480000, 0x00000000e0000000)
  object space 135680K, 24% used [0x00000000a0000000,0x00000000a201f850,0x00000000a8480000)
 Metaspace       used 65415K, capacity 67812K, committed 67840K, reserved 1107968K
  class space    used 8979K, capacity 9455K, committed 9472K, reserved 1048576K
Event: 12.571 GC heap after
Heap after GC invocations=16 (full 3):
 PSYoungGen      total 193536K, used 14999K [0x00000000e0000000, 0x00000000ef300000, 0x0000000100000000)
  eden space 177152K, 0% used [0x00000000e0000000,0x00000000e0000000,0x00000000ead00000)
  from space 16384K, 91% used [0x00000000ead00000,0x00000000ebba5ee0,0x00000000ebd00000)
  to   space 18432K, 0% used [0x00000000ee100000,0x00000000ee100000,0x00000000ef300000)
 ParOldGen       total 135680K, used 32902K [0x00000000a0000000, 0x00000000a8480000, 0x00000000e0000000)
  object space 135680K, 24% used [0x00000000a0000000,0x00000000a2021850,0x00000000a8480000)
 Metaspace       used 65415K, capacity 67812K, committed 67840K, reserved 1107968K
  class space    used 8979K, capacity 9455K, committed 9472K, reserved 1048576K
}
Event: 578.382 GC heap before
{Heap before GC invocations=17 (full 3):
 PSYoungGen      total 193536K, used 192151K [0x00000000e0000000, 0x00000000ef300000, 0x0000000100000000)
  eden space 177152K, 100% used [0x00000000e0000000,0x00000000ead00000,0x00000000ead00000)
  from space 16384K, 91% used [0x00000000ead00000,0x00000000ebba5ee0,0x00000000ebd00000)
  to   space 18432K, 0% used [0x00000000ee100000,0x00000000ee100000,0x00000000ef300000)
 ParOldGen       total 135680K, used 32902K [0x00000000a0000000, 0x00000000a8480000, 0x00000000e0000000)
  object space 135680K, 24% used [0x00000000a0000000,0x00000000a2021850,0x00000000a8480000)
 Metaspace       used 73882K, capacity 77506K, committed 77696K, reserved 1116160K
  class space    used 9865K, capacity 10623K, committed 10624K, reserved 1048576K
Event: 578.408 GC heap after
Heap after GC invocations=17 (full 3):
 PSYoungGen      total 224256K, used 18413K [0x00000000e0000000, 0x00000000ef600000, 0x0000000100000000)
  eden space 205824K, 0% used [0x00000000e0000000,0x00000000e0000000,0x00000000ec900000)
  from space 18432K, 99% used [0x00000000ee100000,0x00000000ef2fb500,0x00000000ef300000)
  to   space 23040K, 0% used [0x00000000ec900000,0x00000000ec900000,0x00000000edf80000)
 ParOldGen       total 135680K, used 39354K [0x00000000a0000000, 0x00000000a8480000, 0x00000000e0000000)
  object space 135680K, 29% used [0x00000000a0000000,0x00000000a266e8a0,0x00000000a8480000)
 Metaspace       used 73882K, capacity 77506K, committed 77696K, reserved 1116160K
  class space    used 9865K, capacity 10623K, committed 10624K, reserved 1048576K
}
Event: 581.394 GC heap before
{Heap before GC invocations=18 (full 3):
 PSYoungGen      total 224256K, used 224237K [0x00000000e0000000, 0x00000000ef600000, 0x0000000100000000)
  eden space 205824K, 100% used [0x00000000e0000000,0x00000000ec900000,0x00000000ec900000)
  from space 18432K, 99% used [0x00000000ee100000,0x00000000ef2fb500,0x00000000ef300000)
  to   space 23040K, 0% used [0x00000000ec900000,0x00000000ec900000,0x00000000edf80000)
 ParOldGen       total 135680K, used 39354K [0x00000000a0000000, 0x00000000a8480000, 0x00000000e0000000)
  object space 135680K, 29% used [0x00000000a0000000,0x00000000a266e8a0,0x00000000a8480000)
 Metaspace       used 81195K, capacity 84998K, committed 85248K, reserved 1122304K
  class space    used 10679K, capacity 11493K, committed 11520K, reserved 1048576K
Event: 581.417 GC heap after
Heap after GC invocations=18 (full 3):
 PSYoungGen      total 222208K, used 23013K [0x00000000e0000000, 0x00000000efb80000, 0x0000000100000000)
  eden space 199168K, 0% used [0x00000000e0000000,0x00000000e0000000,0x00000000ec280000)
  from space 23040K, 99% used [0x00000000ec900000,0x00000000edf794c8,0x00000000edf80000)
  to   space 28672K, 0% used [0x00000000edf80000,0x00000000edf80000,0x00000000efb80000)
 ParOldGen       total 135680K, used 47323K [0x00000000a0000000, 0x00000000a8480000, 0x00000000e0000000)
  object space 135680K, 34% used [0x00000000a0000000,0x00000000a2e36fa8,0x00000000a8480000)
 Metaspace       used 81195K, capacity 84998K, committed 85248K, reserved 1122304K
  class space    used 10679K, capacity 11493K, committed 11520K, reserved 1048576K
}

